<?xml version="1.0" encoding="UTF-8"?>
<testsuite xmlns:xsi="http://www.w3.org/2001/XMLSchema-instance" xsi:noNamespaceSchemaLocation="https://maven.apache.org/surefire/maven-surefire-plugin/xsd/surefire-test-report-3.0.xsd" version="3.0" name="model.TaskItemTest" time="0.171" tests="25" errors="0" skipped="0" failures="0">
  <properties>
    <property name="java.specification.version" value="18"/>
    <property name="sun.jnu.encoding" value="UTF-8"/>
    <property name="java.class.path" value="/Users/lucas/Documents/sonarQube/java-wallet/target/test-classes:/Users/lucas/Documents/sonarQube/java-wallet/target/classes:/Users/lucas/.m2/repository/org/junit/jupiter/junit-jupiter/5.9.2/junit-jupiter-5.9.2.jar:/Users/lucas/.m2/repository/org/junit/jupiter/junit-jupiter-api/5.9.2/junit-jupiter-api-5.9.2.jar:/Users/lucas/.m2/repository/org/opentest4j/opentest4j/1.2.0/opentest4j-1.2.0.jar:/Users/lucas/.m2/repository/org/junit/platform/junit-platform-commons/1.9.2/junit-platform-commons-1.9.2.jar:/Users/lucas/.m2/repository/org/apiguardian/apiguardian-api/1.1.2/apiguardian-api-1.1.2.jar:/Users/lucas/.m2/repository/org/junit/jupiter/junit-jupiter-params/5.9.2/junit-jupiter-params-5.9.2.jar:/Users/lucas/.m2/repository/org/junit/jupiter/junit-jupiter-engine/5.9.2/junit-jupiter-engine-5.9.2.jar:/Users/lucas/.m2/repository/org/junit/platform/junit-platform-engine/1.9.2/junit-platform-engine-1.9.2.jar:/Users/lucas/.m2/repository/com/mysql/mysql-connector-j/8.0.33/mysql-connector-j-8.0.33.jar:/Users/lucas/.m2/repository/com/google/protobuf/protobuf-java/3.21.9/protobuf-java-3.21.9.jar:"/>
    <property name="java.vm.vendor" value="Homebrew"/>
    <property name="sun.arch.data.model" value="64"/>
    <property name="java.vendor.url" value="https://github.com/Homebrew/homebrew-core/issues"/>
    <property name="user.timezone" value="America/Argentina/Buenos_Aires"/>
    <property name="os.name" value="Mac OS X"/>
    <property name="java.vm.specification.version" value="18"/>
    <property name="sun.java.launcher" value="SUN_STANDARD"/>
    <property name="user.country" value="AR"/>
    <property name="sun.boot.library.path" value="/usr/local/Cellar/openjdk/18.0.1.1/libexec/openjdk.jdk/Contents/Home/lib"/>
    <property name="sun.java.command" value="/Users/lucas/Documents/sonarQube/java-wallet/target/surefire/surefirebooter-20251010112258283_3.jar /Users/lucas/Documents/sonarQube/java-wallet/target/surefire 2025-10-10T11-22-58_117-jvmRun1 surefire-20251010112258283_1tmp surefire_0-20251010112258283_2tmp"/>
    <property name="http.nonProxyHosts" value="local|*.local|169.254/16|*.169.254/16"/>
    <property name="jdk.debug" value="release"/>
    <property name="surefire.test.class.path" value="/Users/lucas/Documents/sonarQube/java-wallet/target/test-classes:/Users/lucas/Documents/sonarQube/java-wallet/target/classes:/Users/lucas/.m2/repository/org/junit/jupiter/junit-jupiter/5.9.2/junit-jupiter-5.9.2.jar:/Users/lucas/.m2/repository/org/junit/jupiter/junit-jupiter-api/5.9.2/junit-jupiter-api-5.9.2.jar:/Users/lucas/.m2/repository/org/opentest4j/opentest4j/1.2.0/opentest4j-1.2.0.jar:/Users/lucas/.m2/repository/org/junit/platform/junit-platform-commons/1.9.2/junit-platform-commons-1.9.2.jar:/Users/lucas/.m2/repository/org/apiguardian/apiguardian-api/1.1.2/apiguardian-api-1.1.2.jar:/Users/lucas/.m2/repository/org/junit/jupiter/junit-jupiter-params/5.9.2/junit-jupiter-params-5.9.2.jar:/Users/lucas/.m2/repository/org/junit/jupiter/junit-jupiter-engine/5.9.2/junit-jupiter-engine-5.9.2.jar:/Users/lucas/.m2/repository/org/junit/platform/junit-platform-engine/1.9.2/junit-platform-engine-1.9.2.jar:/Users/lucas/.m2/repository/com/mysql/mysql-connector-j/8.0.33/mysql-connector-j-8.0.33.jar:/Users/lucas/.m2/repository/com/google/protobuf/protobuf-java/3.21.9/protobuf-java-3.21.9.jar:"/>
    <property name="sun.cpu.endian" value="little"/>
    <property name="user.home" value="/Users/lucas"/>
    <property name="user.language" value="en"/>
    <property name="java.specification.vendor" value="Oracle Corporation"/>
    <property name="java.version.date" value="2022-04-22"/>
    <property name="java.home" value="/usr/local/Cellar/openjdk/18.0.1.1/libexec/openjdk.jdk/Contents/Home"/>
    <property name="file.separator" value="/"/>
    <property name="basedir" value="/Users/lucas/Documents/sonarQube/java-wallet"/>
    <property name="java.vm.compressedOopsMode" value="Zero based"/>
    <property name="line.separator" value="&#10;"/>
    <property name="java.vm.specification.vendor" value="Oracle Corporation"/>
    <property name="java.specification.name" value="Java Platform API Specification"/>
    <property name="java.awt.headless" value="true"/>
    <property name="apple.awt.application.name" value="ForkedBooter"/>
    <property name="surefire.real.class.path" value="/Users/lucas/Documents/sonarQube/java-wallet/target/surefire/surefirebooter-20251010112258283_3.jar"/>
    <property name="sun.management.compiler" value="HotSpot 64-Bit Tiered Compilers"/>
    <property name="ftp.nonProxyHosts" value="local|*.local|169.254/16|*.169.254/16"/>
    <property name="java.runtime.version" value="18.0.1.1+0"/>
    <property name="user.name" value="lucas"/>
    <property name="path.separator" value=":"/>
    <property name="os.version" value="26.0.1"/>
    <property name="java.runtime.name" value="OpenJDK Runtime Environment"/>
    <property name="file.encoding" value="UTF-8"/>
    <property name="java.vm.name" value="OpenJDK 64-Bit Server VM"/>
    <property name="java.vendor.version" value="Homebrew"/>
    <property name="localRepository" value="/Users/lucas/.m2/repository"/>
    <property name="java.vendor.url.bug" value="https://github.com/Homebrew/homebrew-core/issues"/>
    <property name="java.io.tmpdir" value="/var/folders/7p/0vs2zb4n69g47qzjg62158j80000gn/T/"/>
    <property name="java.version" value="18.0.1.1"/>
    <property name="user.dir" value="/Users/lucas/Documents/sonarQube/java-wallet"/>
    <property name="os.arch" value="x86_64"/>
    <property name="java.vm.specification.name" value="Java Virtual Machine Specification"/>
    <property name="native.encoding" value="UTF-8"/>
    <property name="java.library.path" value="/Users/lucas/Library/Java/Extensions:/Library/Java/Extensions:/Network/Library/Java/Extensions:/System/Library/Java/Extensions:/usr/lib/java:."/>
    <property name="java.vm.info" value="mixed mode, sharing"/>
    <property name="java.vendor" value="Homebrew"/>
    <property name="java.vm.version" value="18.0.1.1+0"/>
    <property name="sun.io.unicode.encoding" value="UnicodeBig"/>
    <property name="socksNonProxyHosts" value="local|*.local|169.254/16|*.169.254/16"/>
    <property name="java.class.version" value="62.0"/>
  </properties>
  <testcase name="testGetDueDate" classname="model.TaskItemTest" time="0.023"/>
  <testcase name="testToStringOverdue" classname="model.TaskItemTest" time="0.082"/>
  <testcase name="testCreateTaskWithNullDueDate" classname="model.TaskItemTest" time="0.003"/>
  <testcase name="testSetDueDateWithInvalidFormat" classname="model.TaskItemTest" time="0.01"/>
  <testcase name="testToStringPending" classname="model.TaskItemTest" time="0.002"/>
  <testcase name="testSetTaskWithEmpty" classname="model.TaskItemTest" time="0.003"/>
  <testcase name="testCreateTaskWithEmptyDueDate" classname="model.TaskItemTest" time="0.001"/>
  <testcase name="testIsOverdue" classname="model.TaskItemTest" time="0.001"/>
  <testcase name="testCreateTaskWithWhitespaceTask" classname="model.TaskItemTest" time="0.002"/>
  <testcase name="testCompletedTaskNotOverdue" classname="model.TaskItemTest" time="0.001"/>
  <testcase name="testCreateTaskWithEmptyTask" classname="model.TaskItemTest" time="0.002"/>
  <testcase name="testFutureTaskNotOverdue" classname="model.TaskItemTest" time="0.001"/>
  <testcase name="testMarkAsCompleted" classname="model.TaskItemTest" time="0.002"/>
  <testcase name="testCreateTaskWithValidData" classname="model.TaskItemTest" time="0.001"/>
  <testcase name="testSetTaskWithNull" classname="model.TaskItemTest" time="0.002"/>
  <testcase name="testSetDueDate" classname="model.TaskItemTest" time="0.001"/>
  <testcase name="testToggleCompleted" classname="model.TaskItemTest" time="0"/>
  <testcase name="testToStringCompleted" classname="model.TaskItemTest" time="0.001"/>
  <testcase name="testMarkAsNotCompleted" classname="model.TaskItemTest" time="0.001"/>
  <testcase name="testCreateTaskWithInvalidDateFormat" classname="model.TaskItemTest" time="0.001"/>
  <testcase name="testHashCode" classname="model.TaskItemTest" time="0.001"/>
  <testcase name="testCreateTaskWithNullTask" classname="model.TaskItemTest" time="0.001"/>
  <testcase name="testEquals" classname="model.TaskItemTest" time="0.002"/>
  <testcase name="testSetTask" classname="model.TaskItemTest" time="0.002"/>
  <testcase name="testSetTaskTrimsWhitespace" classname="model.TaskItemTest" time="0.001"/>
</testsuite>